000 (1481701.000.000) 2022-10-06 08:10:13 Job submitted from host: <130.199.48.28:9618?addrs=130.199.48.28-9618&alias=spool0001.sdcc.bnl.gov&noUDP&sock=schedd_4799_ec22>
...
001 (1481701.000.000) 2022-10-06 08:10:35 Job executing on host: <130.199.202.105:9618?addrs=130.199.202.105-9618&noUDP&sock=31986_43c2_3>
...
006 (1481701.000.000) 2022-10-06 08:10:35 Image size of job updated: 17
	0  -  MemoryUsage of job (MB)
	0  -  ResidentSetSize of job (KB)
...
005 (1481701.000.000) 2022-10-06 08:10:35 Job terminated.
	(1) Normal termination (return value 0)
		Usr 0 00:00:00, Sys 0 00:00:00  -  Run Remote Usage
		Usr 0 00:00:00, Sys 0 00:00:00  -  Run Local Usage
		Usr 0 00:00:00, Sys 0 00:00:00  -  Total Remote Usage
		Usr 0 00:00:00, Sys 0 00:00:00  -  Total Local Usage
	0  -  Run Bytes Sent By Job
	0  -  Run Bytes Received By Job
	0  -  Total Bytes Sent By Job
	0  -  Total Bytes Received By Job
	Partitionable Resources :    Usage  Request Allocated 
	   Cpus                 :                 1         1 
	   Disk (KB)            :       17   131072   4811785 
	   Memory (MB)          :        0      128       128 
	   xferslots            :                           0 
...
